 ---------------------------------------------------------------------------------------------------------------------------------- 
|                                          Memory leak report for:  03/17/2020 12:22:37                                            |
 ---------------------------------------------------------------------------------------------------------------------------------- 


638 memory leaks found:

Alloc.   Addr       Size       Addr       Size                        BreakOn BreakOn              
Number Reported   Reported    Actual     Actual     Unused    Method  Dealloc Realloc Allocated by 
------ ---------- ---------- ---------- ---------- ---------- -------- ------- ------- --------------------------------------------------- 
000698 0x08F20000 0x00000050 0x08F1FFF0 0x00000070 0x00000000 new         N       N    ??(00000)::??
000696 0x08F20078 0x00000050 0x08F20068 0x00000070 0x00000000 new         N       N    ??(00000)::??
000701 0x08F200F0 0x00000050 0x08F200E0 0x00000070 0x00000000 new         N       N    ??(00000)::??
000694 0x08F20168 0x00000050 0x08F20158 0x00000070 0x00000000 new         N       N    ??(00000)::??
000707 0x08F201E0 0x00000050 0x08F201D0 0x00000070 0x00000000 new         N       N    ??(00000)::??
000693 0x08F202D0 0x00000050 0x08F202C0 0x00000070 0x00000000 new         N       N    ??(00000)::??
000697 0x08F20348 0x00000050 0x08F20338 0x00000070 0x00000000 new         N       N    ??(00000)::??
000703 0x08F204B0 0x00000050 0x08F204A0 0x00000070 0x00000000 new         N       N    ??(00000)::??
000695 0x08F205A0 0x00000050 0x08F20590 0x00000070 0x00000000 new         N       N    ??(00000)::??
000710 0x08F20690 0x00000050 0x08F20680 0x00000070 0x00000000 new         N       N    ??(00000)::??
000700 0x08F20708 0x00000050 0x08F206F8 0x00000070 0x00000000 new         N       N    ??(00000)::??
000702 0x08F20780 0x00000050 0x08F20770 0x00000070 0x00000000 new         N       N    ??(00000)::??
000709 0x08F207F8 0x00000050 0x08F207E8 0x00000070 0x00000000 new         N       N    ??(00000)::??
000711 0x08F20870 0x00000050 0x08F20860 0x00000070 0x00000000 new         N       N    ??(00000)::??
000699 0x08F209D8 0x00000050 0x08F209C8 0x00000070 0x00000000 new         N       N    ??(00000)::??
000704 0x08F20A50 0x00000050 0x08F20A40 0x00000070 0x00000000 new         N       N    ??(00000)::??
000610 0x08F20B40 0x00000050 0x08F20B30 0x00000070 0x00000000 new         N       N    ??(00000)::??
000608 0x08F20BB8 0x00000050 0x08F20BA8 0x00000070 0x00000000 new         N       N    ??(00000)::??
000068 0x00EB0C00 0x00000050 0x00EB0BF0 0x00000070 0x00000000 new         N       N    ??(00000)::??
000613 0x08F20C30 0x00000050 0x08F20C20 0x00000070 0x00000000 new         N       N    ??(00000)::??
000079 0x00EB0C78 0x00000050 0x00EB0C68 0x00000070 0x00000000 new         N       N    ??(00000)::??
000606 0x08F20CA8 0x00000050 0x08F20C98 0x00000070 0x00000000 new         N       N    ??(00000)::??
000084 0x00EB0CF0 0x00000050 0x00EB0CE0 0x00000070 0x00000000 new         N       N    ??(00000)::??
000619 0x08F20D20 0x00000050 0x08F20D10 0x00000070 0x00000000 new         N       N    ??(00000)::??
000604 0x08F20D98 0x00000050 0x08F20D88 0x00000070 0x00000000 new         N       N    ??(00000)::??
000082 0x00EB0DE0 0x00000050 0x00EB0DD0 0x00000070 0x00000000 new         N       N    ??(00000)::??
000593 0x08F20E10 0x00000050 0x08F20E00 0x00000070 0x00000000 new         N       N    ??(00000)::??
000085 0x00EB0E58 0x00000050 0x00EB0E48 0x00000070 0x00000000 new         N       N    ??(00000)::??
000595 0x08F20E88 0x00000050 0x08F20E78 0x00000070 0x00000000 new         N       N    ??(00000)::??
000086 0x00EB0ED0 0x00000050 0x00EB0EC0 0x00000070 0x00000000 new         N       N    ??(00000)::??
000597 0x08F20F00 0x00000050 0x08F20EF0 0x00000070 0x00000000 new         N       N    ??(00000)::??
000078 0x00EB0F48 0x00000050 0x00EB0F38 0x00000070 0x00000000 new         N       N    ??(00000)::??
000600 0x08F20F78 0x00000050 0x08F20F68 0x00000070 0x00000000 new         N       N    ??(00000)::??
000087 0x00EB0FC0 0x00000050 0x00EB0FB0 0x00000070 0x00000000 new         N       N    ??(00000)::??
000601 0x08F20FF0 0x00000050 0x08F20FE0 0x00000070 0x00000000 new         N       N    ??(00000)::??
000603 0x08F21068 0x00000050 0x08F21058 0x00000070 0x00000000 new         N       N    ??(00000)::??
000607 0x08F210E0 0x00000050 0x08F210D0 0x00000070 0x00000000 new         N       N    ??(00000)::??
000598 0x08F21158 0x00000050 0x08F21148 0x00000070 0x00000000 new         N       N    ??(00000)::??
000081 0x00EB11A0 0x00000050 0x00EB1190 0x00000070 0x00000000 new         N       N    ??(00000)::??
000611 0x08F211D0 0x00000050 0x08F211C0 0x00000070 0x00000000 new         N       N    ??(00000)::??
000076 0x00EB1218 0x00000050 0x00EB1208 0x00000070 0x00000000 new         N       N    ??(00000)::??
000615 0x08F21248 0x00000050 0x08F21238 0x00000070 0x00000000 new         N       N    ??(00000)::??
000077 0x00EB1290 0x00000050 0x00EB1280 0x00000070 0x00000000 new         N       N    ??(00000)::??
000596 0x08F212C0 0x00000050 0x08F212B0 0x00000070 0x00000000 new         N       N    ??(00000)::??
000080 0x00EB1308 0x00000050 0x00EB12F8 0x00000070 0x00000000 new         N       N    ??(00000)::??
000612 0x08F21338 0x00000050 0x08F21328 0x00000070 0x00000000 new         N       N    ??(00000)::??
000591 0x08F213B0 0x00000050 0x08F213A0 0x00000070 0x00000000 new         N       N    ??(00000)::??
000616 0x08F21428 0x00000050 0x08F21418 0x00000070 0x00000000 new         N       N    ??(00000)::??
000589 0x08F214A0 0x00000050 0x08F21490 0x00000070 0x00000000 new         N       N    ??(00000)::??
000588 0x08F21518 0x00000050 0x08F21508 0x00000070 0x00000000 new         N       N    ??(00000)::??
000083 0x00EB1560 0x00000050 0x00EB1550 0x00000070 0x00000000 new         N       N    ??(00000)::??
000602 0x08F21590 0x00000050 0x08F21580 0x00000070 0x00000000 new         N       N    ??(00000)::??
000594 0x08F21608 0x00000050 0x08F215F8 0x00000070 0x00000000 new         N       N    ??(00000)::??
000605 0x08F21680 0x00000050 0x08F21670 0x00000070 0x00000000 new         N       N    ??(00000)::??
000075 0x00EB16C8 0x00000050 0x00EB16B8 0x00000070 0x00000000 new         N       N    ??(00000)::??
000592 0x08F216F8 0x00000050 0x08F216E8 0x00000070 0x00000000 new         N       N    ??(00000)::??
000088 0x00EB1740 0x00000050 0x00EB1730 0x00000070 0x00000000 new         N       N    ??(00000)::??
000599 0x08F21770 0x00000050 0x08F21760 0x00000070 0x00000000 new         N       N    ??(00000)::??
000609 0x08F217E8 0x00000050 0x08F217D8 0x00000070 0x00000000 new         N       N    ??(00000)::??
000590 0x08F21860 0x00000050 0x08F21850 0x00000070 0x00000000 new         N       N    ??(00000)::??
000089 0x00EB18A8 0x00000050 0x00EB1898 0x00000070 0x00000000 new         N       N    ??(00000)::??
000614 0x08F218D8 0x00000050 0x08F218C8 0x00000070 0x00000000 new         N       N    ??(00000)::??
000617 0x08F21950 0x00000050 0x08F21940 0x00000070 0x00000000 new         N       N    ??(00000)::??
000618 0x08F219C8 0x00000050 0x08F219B8 0x00000070 0x00000000 new         N       N    ??(00000)::??
000651 0x08F21A40 0x00000050 0x08F21A30 0x00000070 0x00000000 new         N       N    ??(00000)::??
000644 0x08F21AB8 0x00000050 0x08F21AA8 0x00000070 0x00000000 new         N       N    ??(00000)::??
000630 0x08F21B30 0x00000050 0x08F21B20 0x00000070 0x00000000 new         N       N    ??(00000)::??
000626 0x08F21BA8 0x00000050 0x08F21B98 0x00000070 0x00000000 new         N       N    ??(00000)::??
000627 0x08F21C20 0x00000050 0x08F21C10 0x00000070 0x00000000 new         N       N    ??(00000)::??
000635 0x08F21C98 0x00000050 0x08F21C88 0x00000070 0x00000000 new         N       N    ??(00000)::??
000629 0x08F21D10 0x00000050 0x08F21D00 0x00000070 0x00000000 new         N       N    ??(00000)::??
000638 0x08F21D88 0x00000050 0x08F21D78 0x00000070 0x00000000 new         N       N    ??(00000)::??
000624 0x08F21E00 0x00000050 0x08F21DF0 0x00000070 0x00000000 new         N       N    ??(00000)::??
000631 0x08F21E78 0x00000050 0x08F21E68 0x00000070 0x00000000 new         N       N    ??(00000)::??
000622 0x08F21EF0 0x00000050 0x08F21EE0 0x00000070 0x00000000 new         N       N    ??(00000)::??
000639 0x08F21F68 0x00000050 0x08F21F58 0x00000070 0x00000000 new         N       N    ??(00000)::??
000642 0x08F21FE0 0x00000050 0x08F21FD0 0x00000070 0x00000000 new         N       N    ??(00000)::??
000643 0x08F22058 0x00000050 0x08F22048 0x00000070 0x00000000 new         N       N    ??(00000)::??
000645 0x08F220D0 0x00000050 0x08F220C0 0x00000070 0x00000000 new         N       N    ??(00000)::??
000623 0x08F22148 0x00000050 0x08F22138 0x00000070 0x00000000 new         N       N    ??(00000)::??
000625 0x08F221C0 0x00000050 0x08F221B0 0x00000070 0x00000000 new         N       N    ??(00000)::??
000633 0x08F22238 0x00000050 0x08F22228 0x00000070 0x00000000 new         N       N    ??(00000)::??
000637 0x08F222B0 0x00000050 0x08F222A0 0x00000070 0x00000000 new         N       N    ??(00000)::??
000641 0x08F22328 0x00000050 0x08F22318 0x00000070 0x00000000 new         N       N    ??(00000)::??
000646 0x08F223A0 0x00000050 0x08F22390 0x00000070 0x00000000 new         N       N    ??(00000)::??
000647 0x08F22418 0x00000050 0x08F22408 0x00000070 0x00000000 new         N       N    ??(00000)::??
000403 0x08F12418 0x00000050 0x08F12408 0x00000070 0x00000000 new         N       N    ??(00000)::??
000640 0x08F22490 0x00000050 0x08F22480 0x00000070 0x00000000 new         N       N    ??(00000)::??
000401 0x08F12490 0x00000050 0x08F12480 0x00000070 0x00000000 new         N       N    ??(00000)::??
000632 0x08F22508 0x00000050 0x08F224F8 0x00000070 0x00000000 new         N       N    ??(00000)::??
000399 0x08F12508 0x00000050 0x08F124F8 0x00000070 0x00000000 new         N       N    ??(00000)::??
000634 0x08F22580 0x00000050 0x08F22570 0x00000070 0x00000000 new         N       N    ??(00000)::??
000418 0x08F12580 0x00000050 0x08F12570 0x00000070 0x00000000 new         N       N    ??(00000)::??
000620 0x08F225F8 0x00000050 0x08F225E8 0x00000070 0x00000000 new         N       N    ??(00000)::??
000397 0x08F125F8 0x00000050 0x08F125E8 0x00000070 0x00000000 new         N       N    ??(00000)::??
000621 0x08F22670 0x00000050 0x08F22660 0x00000070 0x00000000 new         N       N    ??(00000)::??
000398 0x08F12670 0x00000050 0x08F12660 0x00000070 0x00000000 new         N       N    ??(00000)::??
000628 0x08F226E8 0x00000050 0x08F226D8 0x00000070 0x00000000 new         N       N    ??(00000)::??
000402 0x08F126E8 0x00000050 0x08F126D8 0x00000070 0x00000000 new         N       N    ??(00000)::??
000636 0x08F22760 0x00000050 0x08F22750 0x00000070 0x00000000 new         N       N    ??(00000)::??
000388 0x08F12760 0x00000050 0x08F12750 0x00000070 0x00000000 new         N       N    ??(00000)::??
000648 0x08F227D8 0x00000050 0x08F227C8 0x00000070 0x00000000 new         N       N    ??(00000)::??
000411 0x08F127D8 0x00000050 0x08F127C8 0x00000070 0x00000000 new         N       N    ??(00000)::??
000649 0x08F22850 0x00000050 0x08F22840 0x00000070 0x00000000 new         N       N    ??(00000)::??
000391 0x08F12850 0x00000050 0x08F12840 0x00000070 0x00000000 new         N       N    ??(00000)::??
000650 0x08F228C8 0x00000050 0x08F228B8 0x00000070 0x00000000 new         N       N    ??(00000)::??
000405 0x08F128C8 0x00000050 0x08F128B8 0x00000070 0x00000000 new         N       N    ??(00000)::??
000661 0x08F22940 0x00000050 0x08F22930 0x00000070 0x00000000 new         N       N    ??(00000)::??
000390 0x08F12940 0x00000050 0x08F12930 0x00000070 0x00000000 new         N       N    ??(00000)::??
000652 0x08F229B8 0x00000050 0x08F229A8 0x00000070 0x00000000 new         N       N    ??(00000)::??
000387 0x08F129B8 0x00000050 0x08F129A8 0x00000070 0x00000000 new         N       N    ??(00000)::??
000665 0x08F22A30 0x00000050 0x08F22A20 0x00000070 0x00000000 new         N       N    ??(00000)::??
000406 0x08F12A30 0x00000050 0x08F12A20 0x00000070 0x00000000 new         N       N    ??(00000)::??
000670 0x08F22AA8 0x00000050 0x08F22A98 0x00000070 0x00000000 new         N       N    ??(00000)::??
000389 0x08F12AA8 0x00000050 0x08F12A98 0x00000070 0x00000000 new         N       N    ??(00000)::??
000664 0x08F22B20 0x00000050 0x08F22B10 0x00000070 0x00000000 new         N       N    ??(00000)::??
000392 0x08F12B20 0x00000050 0x08F12B10 0x00000070 0x00000000 new         N       N    ??(00000)::??
000671 0x08F22B98 0x00000050 0x08F22B88 0x00000070 0x00000000 new         N       N    ??(00000)::??
000409 0x08F12B98 0x00000050 0x08F12B88 0x00000070 0x00000000 new         N       N    ??(00000)::??
000678 0x08F22C10 0x00000050 0x08F22C00 0x00000070 0x00000000 new         N       N    ??(00000)::??
000404 0x08F12C10 0x00000050 0x08F12C00 0x00000070 0x00000000 new         N       N    ??(00000)::??
000674 0x08F22C88 0x00000050 0x08F22C78 0x00000070 0x00000000 new         N       N    ??(00000)::??
000396 0x08F12C88 0x00000050 0x08F12C78 0x00000070 0x00000000 new         N       N    ??(00000)::??
000662 0x08F22D00 0x00000050 0x08F22CF0 0x00000070 0x00000000 new         N       N    ??(00000)::??
000407 0x08F12D00 0x00000050 0x08F12CF0 0x00000070 0x00000000 new         N       N    ??(00000)::??
000681 0x08F22D78 0x00000050 0x08F22D68 0x00000070 0x00000000 new         N       N    ??(00000)::??
000410 0x08F12D78 0x00000050 0x08F12D68 0x00000070 0x00000000 new         N       N    ??(00000)::??
000660 0x08F22DF0 0x00000050 0x08F22DE0 0x00000070 0x00000000 new         N       N    ??(00000)::??
000408 0x08F12DF0 0x00000050 0x08F12DE0 0x00000070 0x00000000 new         N       N    ??(00000)::??
000657 0x08F22E68 0x00000050 0x08F22E58 0x00000070 0x00000000 new         N       N    ??(00000)::??
000412 0x08F12E68 0x00000050 0x08F12E58 0x00000070 0x00000000 new         N       N    ??(00000)::??
000656 0x08F22EE0 0x00000050 0x08F22ED0 0x00000070 0x00000000 new         N       N    ??(00000)::??
000394 0x08F12EE0 0x00000050 0x08F12ED0 0x00000070 0x00000000 new         N       N    ??(00000)::??
000675 0x08F22F58 0x00000050 0x08F22F48 0x00000070 0x00000000 new         N       N    ??(00000)::??
000395 0x08F12F58 0x00000050 0x08F12F48 0x00000070 0x00000000 new         N       N    ??(00000)::??
000682 0x08F22FD0 0x00000050 0x08F22FC0 0x00000070 0x00000000 new         N       N    ??(00000)::??
000400 0x08F12FD0 0x00000050 0x08F12FC0 0x00000070 0x00000000 new         N       N    ??(00000)::??
000683 0x08F23048 0x00000050 0x08F23038 0x00000070 0x00000000 new         N       N    ??(00000)::??
000413 0x08F13048 0x00000050 0x08F13038 0x00000070 0x00000000 new         N       N    ??(00000)::??
000663 0x08F230C0 0x00000050 0x08F230B0 0x00000070 0x00000000 new         N       N    ??(00000)::??
000415 0x08F130C0 0x00000050 0x08F130B0 0x00000070 0x00000000 new         N       N    ??(00000)::??
000666 0x08F23138 0x00000050 0x08F23128 0x00000070 0x00000000 new         N       N    ??(00000)::??
000416 0x08F13138 0x00000050 0x08F13128 0x00000070 0x00000000 new         N       N    ??(00000)::??
000653 0x08F231B0 0x00000050 0x08F231A0 0x00000070 0x00000000 new         N       N    ??(00000)::??
000393 0x08F131B0 0x00000050 0x08F131A0 0x00000070 0x00000000 new         N       N    ??(00000)::??
000654 0x08F23228 0x00000050 0x08F23218 0x00000070 0x00000000 new         N       N    ??(00000)::??
000414 0x08F13228 0x00000050 0x08F13218 0x00000070 0x00000000 new         N       N    ??(00000)::??
000669 0x08F232A0 0x00000050 0x08F23290 0x00000070 0x00000000 new         N       N    ??(00000)::??
000417 0x08F132A0 0x00000050 0x08F13290 0x00000070 0x00000000 new         N       N    ??(00000)::??
000668 0x08F23318 0x00000050 0x08F23308 0x00000070 0x00000000 new         N       N    ??(00000)::??
000428 0x08F13318 0x00000050 0x08F13308 0x00000070 0x00000000 new         N       N    ??(00000)::??
000677 0x08F23390 0x00000050 0x08F23380 0x00000070 0x00000000 new         N       N    ??(00000)::??
000432 0x08F13390 0x00000050 0x08F13380 0x00000070 0x00000000 new         N       N    ??(00000)::??
000658 0x08F23408 0x00000050 0x08F233F8 0x00000070 0x00000000 new         N       N    ??(00000)::??
000434 0x08F13408 0x00000050 0x08F133F8 0x00000070 0x00000000 new         N       N    ??(00000)::??
000676 0x08F23480 0x00000050 0x08F23470 0x00000070 0x00000000 new         N       N    ??(00000)::??
000431 0x08F13480 0x00000050 0x08F13470 0x00000070 0x00000000 new         N       N    ??(00000)::??
000659 0x08F234F8 0x00000050 0x08F234E8 0x00000070 0x00000000 new         N       N    ??(00000)::??
000441 0x08F134F8 0x00000050 0x08F134E8 0x00000070 0x00000000 new         N       N    ??(00000)::??
000679 0x08F23570 0x00000050 0x08F23560 0x00000070 0x00000000 new         N       N    ??(00000)::??
000446 0x08F13570 0x00000050 0x08F13560 0x00000070 0x00000000 new         N       N    ??(00000)::??
000672 0x08F235E8 0x00000050 0x08F235D8 0x00000070 0x00000000 new         N       N    ??(00000)::??
000447 0x08F135E8 0x00000050 0x08F135D8 0x00000070 0x00000000 new         N       N    ??(00000)::??
000680 0x08F23660 0x00000050 0x08F23650 0x00000070 0x00000000 new         N       N    ??(00000)::??
000421 0x08F13660 0x00000050 0x08F13650 0x00000070 0x00000000 new         N       N    ??(00000)::??
000667 0x08F236D8 0x00000050 0x08F236C8 0x00000070 0x00000000 new         N       N    ??(00000)::??
000422 0x08F136D8 0x00000050 0x08F136C8 0x00000070 0x00000000 new         N       N    ??(00000)::??
000673 0x08F23750 0x00000050 0x08F23740 0x00000070 0x00000000 new         N       N    ??(00000)::??
000420 0x08F13750 0x00000050 0x08F13740 0x00000070 0x00000000 new         N       N    ??(00000)::??
000655 0x08F237C8 0x00000050 0x08F237B8 0x00000070 0x00000000 new         N       N    ??(00000)::??
000425 0x08F137C8 0x00000050 0x08F137B8 0x00000070 0x00000000 new         N       N    ??(00000)::??
000685 0x08F23840 0x00000050 0x08F23830 0x00000070 0x00000000 new         N       N    ??(00000)::??
000424 0x08F13840 0x00000050 0x08F13830 0x00000070 0x00000000 new         N       N    ??(00000)::??
000690 0x08F238B8 0x00000050 0x08F238A8 0x00000070 0x00000000 new         N       N    ??(00000)::??
000433 0x08F138B8 0x00000050 0x08F138A8 0x00000070 0x00000000 new         N       N    ??(00000)::??
000691 0x08F23930 0x00000050 0x08F23920 0x00000070 0x00000000 new         N       N    ??(00000)::??
000436 0x08F13930 0x00000050 0x08F13920 0x00000070 0x00000000 new         N       N    ??(00000)::??
000686 0x08F239A8 0x00000050 0x08F23998 0x00000070 0x00000000 new         N       N    ??(00000)::??
000442 0x08F139A8 0x00000050 0x08F13998 0x00000070 0x00000000 new         N       N    ??(00000)::??
000687 0x08F23A20 0x00000050 0x08F23A10 0x00000070 0x00000000 new         N       N    ??(00000)::??
000423 0x08F13A20 0x00000050 0x08F13A10 0x00000070 0x00000000 new         N       N    ??(00000)::??
000688 0x08F23A98 0x00000050 0x08F23A88 0x00000070 0x00000000 new         N       N    ??(00000)::??
000448 0x08F13A98 0x00000050 0x08F13A88 0x00000070 0x00000000 new         N       N    ??(00000)::??
000684 0x08F23B10 0x00000050 0x08F23B00 0x00000070 0x00000000 new         N       N    ??(00000)::??
000450 0x08F13B10 0x00000050 0x08F13B00 0x00000070 0x00000000 new         N       N    ??(00000)::??
000689 0x08F23B88 0x00000050 0x08F23B78 0x00000070 0x00000000 new         N       N    ??(00000)::??
000430 0x08F13B88 0x00000050 0x08F13B78 0x00000070 0x00000000 new         N       N    ??(00000)::??
000449 0x08F13C00 0x00000050 0x08F13BF0 0x00000070 0x00000000 new         N       N    ??(00000)::??
000426 0x08F13C78 0x00000050 0x08F13C68 0x00000070 0x00000000 new         N       N    ??(00000)::??
000429 0x08F13CF0 0x00000050 0x08F13CE0 0x00000070 0x00000000 new         N       N    ??(00000)::??
000438 0x08F13D68 0x00000050 0x08F13D58 0x00000070 0x00000000 new         N       N    ??(00000)::??
000443 0x08F13DE0 0x00000050 0x08F13DD0 0x00000070 0x00000000 new         N       N    ??(00000)::??
000444 0x08F13E58 0x00000050 0x08F13E48 0x00000070 0x00000000 new         N       N    ??(00000)::??
000445 0x08F13ED0 0x00000050 0x08F13EC0 0x00000070 0x00000000 new         N       N    ??(00000)::??
000440 0x08F13F48 0x00000050 0x08F13F38 0x00000070 0x00000000 new         N       N    ??(00000)::??
000427 0x08F13FC0 0x00000050 0x08F13FB0 0x00000070 0x00000000 new         N       N    ??(00000)::??
000419 0x08F14038 0x00000050 0x08F14028 0x00000070 0x00000000 new         N       N    ??(00000)::??
000435 0x08F140B0 0x00000050 0x08F140A0 0x00000070 0x00000000 new         N       N    ??(00000)::??
000437 0x08F14128 0x00000050 0x08F14118 0x00000070 0x00000000 new         N       N    ??(00000)::??
000439 0x08F141A0 0x00000050 0x08F14190 0x00000070 0x00000000 new         N       N    ??(00000)::??
000453 0x08F14218 0x00000050 0x08F14208 0x00000070 0x00000000 new         N       N    ??(00000)::??
000452 0x08F14290 0x00000050 0x08F14280 0x00000070 0x00000000 new         N       N    ??(00000)::??
000451 0x08F14308 0x00000050 0x08F142F8 0x00000070 0x00000000 new         N       N    ??(00000)::??
000459 0x08F14420 0x00000050 0x08F14410 0x00000070 0x00000000 new         N       N    ??(00000)::??
000483 0x08F14498 0x00000050 0x08F14488 0x00000070 0x00000000 new         N       N    ??(00000)::??
000485 0x08F14510 0x00000050 0x08F14500 0x00000070 0x00000000 new         N       N    ??(00000)::??
000466 0x08F14588 0x00000050 0x08F14578 0x00000070 0x00000000 new         N       N    ??(00000)::??
000481 0x08F14600 0x00000050 0x08F145F0 0x00000070 0x00000000 new         N       N    ??(00000)::??
000479 0x08F14678 0x00000050 0x08F14668 0x00000070 0x00000000 new         N       N    ??(00000)::??
000468 0x08F146F0 0x00000050 0x08F146E0 0x00000070 0x00000000 new         N       N    ??(00000)::??
000461 0x08F14768 0x00000050 0x08F14758 0x00000070 0x00000000 new         N       N    ??(00000)::??
000470 0x08F147E0 0x00000050 0x08F147D0 0x00000070 0x00000000 new         N       N    ??(00000)::??
000472 0x08F14858 0x00000050 0x08F14848 0x00000070 0x00000000 new         N       N    ??(00000)::??
000475 0x08F148D0 0x00000050 0x08F148C0 0x00000070 0x00000000 new         N       N    ??(00000)::??
000454 0x08F14948 0x00000050 0x08F14938 0x00000070 0x00000000 new         N       N    ??(00000)::??
000476 0x08F149C0 0x00000050 0x08F149B0 0x00000070 0x00000000 new         N       N    ??(00000)::??
000456 0x08F14A38 0x00000050 0x08F14A28 0x00000070 0x00000000 new         N       N    ??(00000)::??
000464 0x08F14AB0 0x00000050 0x08F14AA0 0x00000070 0x00000000 new         N       N    ??(00000)::??
000465 0x08F14B28 0x00000050 0x08F14B18 0x00000070 0x00000000 new         N       N    ??(00000)::??
000462 0x08F14BA0 0x00000050 0x08F14B90 0x00000070 0x00000000 new         N       N    ??(00000)::??
000471 0x08F14C18 0x00000050 0x08F14C08 0x00000070 0x00000000 new         N       N    ??(00000)::??
000473 0x08F14C90 0x00000050 0x08F14C80 0x00000070 0x00000000 new         N       N    ??(00000)::??
000478 0x08F14D08 0x00000050 0x08F14CF8 0x00000070 0x00000000 new         N       N    ??(00000)::??
000482 0x08F14D80 0x00000050 0x08F14D70 0x00000070 0x00000000 new         N       N    ??(00000)::??
000455 0x08F14DF8 0x00000050 0x08F14DE8 0x00000070 0x00000000 new         N       N    ??(00000)::??
000477 0x08F14E70 0x00000050 0x08F14E60 0x00000070 0x00000000 new         N       N    ??(00000)::??
000469 0x08F14EE8 0x00000050 0x08F14ED8 0x00000070 0x00000000 new         N       N    ??(00000)::??
000457 0x08F14F60 0x00000050 0x08F14F50 0x00000070 0x00000000 new         N       N    ??(00000)::??
000467 0x08F14FD8 0x00000050 0x08F14FC8 0x00000070 0x00000000 new         N       N    ??(00000)::??
000474 0x08F15050 0x00000050 0x08F15040 0x00000070 0x00000000 new         N       N    ??(00000)::??
000480 0x08F150C8 0x00000050 0x08F150B8 0x00000070 0x00000000 new         N       N    ??(00000)::??
000484 0x08F15140 0x00000050 0x08F15130 0x00000070 0x00000000 new         N       N    ??(00000)::??
000463 0x08F151B8 0x00000050 0x08F151A8 0x00000070 0x00000000 new         N       N    ??(00000)::??
000458 0x08F15230 0x00000050 0x08F15220 0x00000070 0x00000000 new         N       N    ??(00000)::??
000460 0x08F152A8 0x00000050 0x08F15298 0x00000070 0x00000000 new         N       N    ??(00000)::??
000488 0x08F15320 0x00000050 0x08F15310 0x00000070 0x00000000 new         N       N    ??(00000)::??
000489 0x08F15398 0x00000050 0x08F15388 0x00000070 0x00000000 new         N       N    ??(00000)::??
000505 0x08F15410 0x00000050 0x08F15400 0x00000070 0x00000000 new         N       N    ??(00000)::??
000494 0x08F15488 0x00000050 0x08F15478 0x00000070 0x00000000 new         N       N    ??(00000)::??
000501 0x08F15500 0x00000050 0x08F154F0 0x00000070 0x00000000 new         N       N    ??(00000)::??
000502 0x08F15578 0x00000050 0x08F15568 0x00000070 0x00000000 new         N       N    ??(00000)::??
000491 0x08F155F0 0x00000050 0x08F155E0 0x00000070 0x00000000 new         N       N    ??(00000)::??
000504 0x08F15668 0x00000050 0x08F15658 0x00000070 0x00000000 new         N       N    ??(00000)::??
000493 0x08F156E0 0x00000050 0x08F156D0 0x00000070 0x00000000 new         N       N    ??(00000)::??
000499 0x08F15758 0x00000050 0x08F15748 0x00000070 0x00000000 new         N       N    ??(00000)::??
000497 0x08F157D0 0x00000050 0x08F157C0 0x00000070 0x00000000 new         N       N    ??(00000)::??
000506 0x08F15848 0x00000050 0x08F15838 0x00000070 0x00000000 new         N       N    ??(00000)::??
000510 0x08F158C0 0x00000050 0x08F158B0 0x00000070 0x00000000 new         N       N    ??(00000)::??
000514 0x08F15938 0x00000050 0x08F15928 0x00000070 0x00000000 new         N       N    ??(00000)::??
000486 0x08F159B0 0x00000050 0x08F159A0 0x00000070 0x00000000 new         N       N    ??(00000)::??
000490 0x08F15A28 0x00000050 0x08F15A18 0x00000070 0x00000000 new         N       N    ??(00000)::??
000487 0x08F15AA0 0x00000050 0x08F15A90 0x00000070 0x00000000 new         N       N    ??(00000)::??
000498 0x08F15B18 0x00000050 0x08F15B08 0x00000070 0x00000000 new         N       N    ??(00000)::??
000500 0x08F15B90 0x00000050 0x08F15B80 0x00000070 0x00000000 new         N       N    ??(00000)::??
000508 0x08F15C08 0x00000050 0x08F15BF8 0x00000070 0x00000000 new         N       N    ??(00000)::??
000512 0x08F15C80 0x00000050 0x08F15C70 0x00000070 0x00000000 new         N       N    ??(00000)::??
000515 0x08F15CF8 0x00000050 0x08F15CE8 0x00000070 0x00000000 new         N       N    ??(00000)::??
000516 0x08F15D70 0x00000050 0x08F15D60 0x00000070 0x00000000 new         N       N    ??(00000)::??
000507 0x08F15DE8 0x00000050 0x08F15DD8 0x00000070 0x00000000 new         N       N    ??(00000)::??
000492 0x08F15E60 0x00000050 0x08F15E50 0x00000070 0x00000000 new         N       N    ??(00000)::??
000495 0x08F15ED8 0x00000050 0x08F15EC8 0x00000070 0x00000000 new         N       N    ??(00000)::??
000496 0x08F15F50 0x00000050 0x08F15F40 0x00000070 0x00000000 new         N       N    ??(00000)::??
000503 0x08F15FC8 0x00000050 0x08F15FB8 0x00000070 0x00000000 new         N       N    ??(00000)::??
000509 0x08F16040 0x00000050 0x08F16030 0x00000070 0x00000000 new         N       N    ??(00000)::??
000511 0x08F160B8 0x00000050 0x08F160A8 0x00000070 0x00000000 new         N       N    ??(00000)::??
000517 0x08F16130 0x00000050 0x08F16120 0x00000070 0x00000000 new         N       N    ??(00000)::??
000513 0x08F161A8 0x00000050 0x08F16198 0x00000070 0x00000000 new         N       N    ??(00000)::??
000518 0x08F16220 0x00000050 0x08F16210 0x00000070 0x00000000 new         N       N    ??(00000)::??
000519 0x08F16298 0x00000050 0x08F16288 0x00000070 0x00000000 new         N       N    ??(00000)::??
000520 0x08F16310 0x00000050 0x08F16300 0x00000070 0x00000000 new         N       N    ??(00000)::??
000529 0x08F16428 0x00000050 0x08F16418 0x00000070 0x00000000 new         N       N    ??(00000)::??
000527 0x08F164A0 0x00000050 0x08F16490 0x00000070 0x00000000 new         N       N    ??(00000)::??
000530 0x08F16518 0x00000050 0x08F16508 0x00000070 0x00000000 new         N       N    ??(00000)::??
000521 0x08F16590 0x00000050 0x08F16580 0x00000070 0x00000000 new         N       N    ??(00000)::??
000549 0x08F16608 0x00000050 0x08F165F8 0x00000070 0x00000000 new         N       N    ??(00000)::??
000524 0x08F16680 0x00000050 0x08F16670 0x00000070 0x00000000 new         N       N    ??(00000)::??
000552 0x08F166F8 0x00000050 0x08F166E8 0x00000070 0x00000000 new         N       N    ??(00000)::??
000546 0x08F16770 0x00000050 0x08F16760 0x00000070 0x00000000 new         N       N    ??(00000)::??
000528 0x08F167E8 0x00000050 0x08F167D8 0x00000070 0x00000000 new         N       N    ??(00000)::??
000536 0x08F16860 0x00000050 0x08F16850 0x00000070 0x00000000 new         N       N    ??(00000)::??
000547 0x08F168D8 0x00000050 0x08F168C8 0x00000070 0x00000000 new         N       N    ??(00000)::??
000531 0x08F16950 0x00000050 0x08F16940 0x00000070 0x00000000 new         N       N    ??(00000)::??
000534 0x08F169C8 0x00000050 0x08F169B8 0x00000070 0x00000000 new         N       N    ??(00000)::??
000541 0x08F16A40 0x00000050 0x08F16A30 0x00000070 0x00000000 new         N       N    ??(00000)::??
000533 0x08F16AB8 0x00000050 0x08F16AA8 0x00000070 0x00000000 new         N       N    ??(00000)::??
000525 0x08F16B30 0x00000050 0x08F16B20 0x00000070 0x00000000 new         N       N    ??(00000)::??
000535 0x08F16BA8 0x00000050 0x08F16B98 0x00000070 0x00000000 new         N       N    ??(00000)::??
000537 0x08F16C20 0x00000050 0x08F16C10 0x00000070 0x00000000 new         N       N    ??(00000)::??
000538 0x08F16C98 0x00000050 0x08F16C88 0x00000070 0x00000000 new         N       N    ??(00000)::??
000532 0x08F16D10 0x00000050 0x08F16D00 0x00000070 0x00000000 new         N       N    ??(00000)::??
000545 0x08F16D88 0x00000050 0x08F16D78 0x00000070 0x00000000 new         N       N    ??(00000)::??
000523 0x08F16E00 0x00000050 0x08F16DF0 0x00000070 0x00000000 new         N       N    ??(00000)::??
000522 0x08F16E78 0x00000050 0x08F16E68 0x00000070 0x00000000 new         N       N    ??(00000)::??
000548 0x08F16EF0 0x00000050 0x08F16EE0 0x00000070 0x00000000 new         N       N    ??(00000)::??
000550 0x08F16F68 0x00000050 0x08F16F58 0x00000070 0x00000000 new         N       N    ??(00000)::??
000540 0x08F16FE0 0x00000050 0x08F16FD0 0x00000070 0x00000000 new         N       N    ??(00000)::??
000526 0x08F17058 0x00000050 0x08F17048 0x00000070 0x00000000 new         N       N    ??(00000)::??
000551 0x08F170D0 0x00000050 0x08F170C0 0x00000070 0x00000000 new         N       N    ??(00000)::??
000544 0x08F17148 0x00000050 0x08F17138 0x00000070 0x00000000 new         N       N    ??(00000)::??
000542 0x08F171C0 0x00000050 0x08F171B0 0x00000070 0x00000000 new         N       N    ??(00000)::??
000539 0x08F17238 0x00000050 0x08F17228 0x00000070 0x00000000 new         N       N    ??(00000)::??
000543 0x08F172B0 0x00000050 0x08F172A0 0x00000070 0x00000000 new         N       N    ??(00000)::??
000564 0x08F17328 0x00000050 0x08F17318 0x00000070 0x00000000 new         N       N    ??(00000)::??
000571 0x08F173A0 0x00000050 0x08F17390 0x00000070 0x00000000 new         N       N    ??(00000)::??
000567 0x08F17418 0x00000050 0x08F17408 0x00000070 0x00000000 new         N       N    ??(00000)::??
000556 0x08F17490 0x00000050 0x08F17480 0x00000070 0x00000000 new         N       N    ??(00000)::??
000572 0x08F17508 0x00000050 0x08F174F8 0x00000070 0x00000000 new         N       N    ??(00000)::??
000578 0x08F17580 0x00000050 0x08F17570 0x00000070 0x00000000 new         N       N    ??(00000)::??
000579 0x08F175F8 0x00000050 0x08F175E8 0x00000070 0x00000000 new         N       N    ??(00000)::??
000580 0x08F17670 0x00000050 0x08F17660 0x00000070 0x00000000 new         N       N    ??(00000)::??
000558 0x08F176E8 0x00000050 0x08F176D8 0x00000070 0x00000000 new         N       N    ??(00000)::??
000563 0x08F17760 0x00000050 0x08F17750 0x00000070 0x00000000 new         N       N    ??(00000)::??
000581 0x08F177D8 0x00000050 0x08F177C8 0x00000070 0x00000000 new         N       N    ??(00000)::??
000301 0x08F077F0 0x00000050 0x08F077E0 0x00000070 0x00000000 new         N       N    ??(00000)::??
000582 0x08F17850 0x00000050 0x08F17840 0x00000070 0x00000000 new         N       N    ??(00000)::??
000303 0x08F07868 0x00000050 0x08F07858 0x00000070 0x00000000 new         N       N    ??(00000)::??
000559 0x08F178C8 0x00000050 0x08F178B8 0x00000070 0x00000000 new         N       N    ??(00000)::??
000307 0x08F078E0 0x00000050 0x08F078D0 0x00000070 0x00000000 new         N       N    ??(00000)::??
000583 0x08F17940 0x00000050 0x08F17930 0x00000070 0x00000000 new         N       N    ??(00000)::??
000288 0x08F07958 0x00000050 0x08F07948 0x00000070 0x00000000 new         N       N    ??(00000)::??
000584 0x08F179B8 0x00000050 0x08F179A8 0x00000070 0x00000000 new         N       N    ??(00000)::??
000300 0x08F079D0 0x00000050 0x08F079C0 0x00000070 0x00000000 new         N       N    ??(00000)::??
000569 0x08F17A30 0x00000050 0x08F17A20 0x00000070 0x00000000 new         N       N    ??(00000)::??
000308 0x08F07A48 0x00000050 0x08F07A38 0x00000070 0x00000000 new         N       N    ??(00000)::??
000561 0x08F17AA8 0x00000050 0x08F17A98 0x00000070 0x00000000 new         N       N    ??(00000)::??
000295 0x08F07AC0 0x00000050 0x08F07AB0 0x00000070 0x00000000 new         N       N    ??(00000)::??
000557 0x08F17B20 0x00000050 0x08F17B10 0x00000070 0x00000000 new         N       N    ??(00000)::??
000291 0x08F07B38 0x00000050 0x08F07B28 0x00000070 0x00000000 new         N       N    ??(00000)::??
000574 0x08F17B98 0x00000050 0x08F17B88 0x00000070 0x00000000 new         N       N    ??(00000)::??
000576 0x08F17C10 0x00000050 0x08F17C00 0x00000070 0x00000000 new         N       N    ??(00000)::??
000298 0x08F07C28 0x00000050 0x08F07C18 0x00000070 0x00000000 new         N       N    ??(00000)::??
000573 0x08F17C88 0x00000050 0x08F17C78 0x00000070 0x00000000 new         N       N    ??(00000)::??
000310 0x08F07CA0 0x00000050 0x08F07C90 0x00000070 0x00000000 new         N       N    ??(00000)::??
000554 0x08F17D00 0x00000050 0x08F17CF0 0x00000070 0x00000000 new         N       N    ??(00000)::??
000305 0x08F07D18 0x00000050 0x08F07D08 0x00000070 0x00000000 new         N       N    ??(00000)::??
000568 0x08F17D78 0x00000050 0x08F17D68 0x00000070 0x00000000 new         N       N    ??(00000)::??
000292 0x08F07D90 0x00000050 0x08F07D80 0x00000070 0x00000000 new         N       N    ??(00000)::??
000565 0x08F17DF0 0x00000050 0x08F17DE0 0x00000070 0x00000000 new         N       N    ??(00000)::??
000311 0x08F07E08 0x00000050 0x08F07DF8 0x00000070 0x00000000 new         N       N    ??(00000)::??
000570 0x08F17E68 0x00000050 0x08F17E58 0x00000070 0x00000000 new         N       N    ??(00000)::??
000314 0x08F07E80 0x00000050 0x08F07E70 0x00000070 0x00000000 new         N       N    ??(00000)::??
000575 0x08F17EE0 0x00000050 0x08F17ED0 0x00000070 0x00000000 new         N       N    ??(00000)::??
000315 0x08F07EF8 0x00000050 0x08F07EE8 0x00000070 0x00000000 new         N       N    ??(00000)::??
000555 0x08F17F58 0x00000050 0x08F17F48 0x00000070 0x00000000 new         N       N    ??(00000)::??
000316 0x08F07F70 0x00000050 0x08F07F60 0x00000070 0x00000000 new         N       N    ??(00000)::??
000577 0x08F17FD0 0x00000050 0x08F17FC0 0x00000070 0x00000000 new         N       N    ??(00000)::??
000297 0x08F07FE8 0x00000050 0x08F07FD8 0x00000070 0x00000000 new         N       N    ??(00000)::??
000560 0x08F18048 0x00000050 0x08F18038 0x00000070 0x00000000 new         N       N    ??(00000)::??
000294 0x08F08060 0x00000050 0x08F08050 0x00000070 0x00000000 new         N       N    ??(00000)::??
000566 0x08F180C0 0x00000050 0x08F180B0 0x00000070 0x00000000 new         N       N    ??(00000)::??
000317 0x08F080D8 0x00000050 0x08F080C8 0x00000070 0x00000000 new         N       N    ??(00000)::??
000553 0x08F18138 0x00000050 0x08F18128 0x00000070 0x00000000 new         N       N    ??(00000)::??
000318 0x08F08150 0x00000050 0x08F08140 0x00000070 0x00000000 new         N       N    ??(00000)::??
000562 0x08F181B0 0x00000050 0x08F181A0 0x00000070 0x00000000 new         N       N    ??(00000)::??
000302 0x08F081C8 0x00000050 0x08F081B8 0x00000070 0x00000000 new         N       N    ??(00000)::??
000585 0x08F18228 0x00000050 0x08F18218 0x00000070 0x00000000 new         N       N    ??(00000)::??
000309 0x08F08240 0x00000050 0x08F08230 0x00000070 0x00000000 new         N       N    ??(00000)::??
000587 0x08F182A0 0x00000050 0x08F18290 0x00000070 0x00000000 new         N       N    ??(00000)::??
000293 0x08F082B8 0x00000050 0x08F082A8 0x00000070 0x00000000 new         N       N    ??(00000)::??
000586 0x08F18318 0x00000050 0x08F18308 0x00000070 0x00000000 new         N       N    ??(00000)::??
000313 0x08F08330 0x00000050 0x08F08320 0x00000070 0x00000000 new         N       N    ??(00000)::??
000312 0x08F083A8 0x00000050 0x08F08398 0x00000070 0x00000000 new         N       N    ??(00000)::??
000296 0x08F08420 0x00000050 0x08F08410 0x00000070 0x00000000 new         N       N    ??(00000)::??
000289 0x08F08498 0x00000050 0x08F08488 0x00000070 0x00000000 new         N       N    ??(00000)::??
000304 0x08F08510 0x00000050 0x08F08500 0x00000070 0x00000000 new         N       N    ??(00000)::??
000306 0x08F08588 0x00000050 0x08F08578 0x00000070 0x00000000 new         N       N    ??(00000)::??
000290 0x08F08600 0x00000050 0x08F085F0 0x00000070 0x00000000 new         N       N    ??(00000)::??
000299 0x08F08678 0x00000050 0x08F08668 0x00000070 0x00000000 new         N       N    ??(00000)::??
000319 0x08F086F0 0x00000050 0x08F086E0 0x00000070 0x00000000 new         N       N    ??(00000)::??
000371 0x08F087F8 0x00000050 0x08F087E8 0x00000070 0x00000000 new         N       N    ??(00000)::??
000358 0x08F08870 0x00000050 0x08F08860 0x00000070 0x00000000 new         N       N    ??(00000)::??
000385 0x08F088E8 0x00000050 0x08F088D8 0x00000070 0x00000000 new         N       N    ??(00000)::??
000375 0x08F08960 0x00000050 0x08F08950 0x00000070 0x00000000 new         N       N    ??(00000)::??
000370 0x08F089D8 0x00000050 0x08F089C8 0x00000070 0x00000000 new         N       N    ??(00000)::??
000386 0x08F08A50 0x00000050 0x08F08A40 0x00000070 0x00000000 new         N       N    ??(00000)::??
000380 0x08F08AC8 0x00000050 0x08F08AB8 0x00000070 0x00000000 new         N       N    ??(00000)::??
000377 0x08F08B40 0x00000050 0x08F08B30 0x00000070 0x00000000 new         N       N    ??(00000)::??
000368 0x08F08BB8 0x00000050 0x08F08BA8 0x00000070 0x00000000 new         N       N    ??(00000)::??
000382 0x08F08C30 0x00000050 0x08F08C20 0x00000070 0x00000000 new         N       N    ??(00000)::??
000366 0x08F08CA8 0x00000050 0x08F08C98 0x00000070 0x00000000 new         N       N    ??(00000)::??
000383 0x08F08D20 0x00000050 0x08F08D10 0x00000070 0x00000000 new         N       N    ??(00000)::??
000362 0x08F08D98 0x00000050 0x08F08D88 0x00000070 0x00000000 new         N       N    ??(00000)::??
000361 0x08F08E10 0x00000050 0x08F08E00 0x00000070 0x00000000 new         N       N    ??(00000)::??
000378 0x08F08E88 0x00000050 0x08F08E78 0x00000070 0x00000000 new         N       N    ??(00000)::??
000355 0x08F08F00 0x00000050 0x08F08EF0 0x00000070 0x00000000 new         N       N    ??(00000)::??
000356 0x08F08F78 0x00000050 0x08F08F68 0x00000070 0x00000000 new         N       N    ??(00000)::??
000363 0x08F08FF0 0x00000050 0x08F08FE0 0x00000070 0x00000000 new         N       N    ??(00000)::??
000360 0x08F09068 0x00000050 0x08F09058 0x00000070 0x00000000 new         N       N    ??(00000)::??
000369 0x08F090E0 0x00000050 0x08F090D0 0x00000070 0x00000000 new         N       N    ??(00000)::??
000372 0x08F09158 0x00000050 0x08F09148 0x00000070 0x00000000 new         N       N    ??(00000)::??
000373 0x08F091D0 0x00000050 0x08F091C0 0x00000070 0x00000000 new         N       N    ??(00000)::??
000374 0x08F09248 0x00000050 0x08F09238 0x00000070 0x00000000 new         N       N    ??(00000)::??
000364 0x08F092C0 0x00000050 0x08F092B0 0x00000070 0x00000000 new         N       N    ??(00000)::??
000379 0x08F09338 0x00000050 0x08F09328 0x00000070 0x00000000 new         N       N    ??(00000)::??
000359 0x08F093B0 0x00000050 0x08F093A0 0x00000070 0x00000000 new         N       N    ??(00000)::??
000365 0x08F09428 0x00000050 0x08F09418 0x00000070 0x00000000 new         N       N    ??(00000)::??
000376 0x08F094A0 0x00000050 0x08F09490 0x00000070 0x00000000 new         N       N    ??(00000)::??
000357 0x08F09518 0x00000050 0x08F09508 0x00000070 0x00000000 new         N       N    ??(00000)::??
000381 0x08F09590 0x00000050 0x08F09580 0x00000070 0x00000000 new         N       N    ??(00000)::??
000384 0x08F09608 0x00000050 0x08F095F8 0x00000070 0x00000000 new         N       N    ??(00000)::??
000367 0x08F09680 0x00000050 0x08F09670 0x00000070 0x00000000 new         N       N    ??(00000)::??
000345 0x08F096F8 0x00000050 0x08F096E8 0x00000070 0x00000000 new         N       N    ??(00000)::??
000349 0x08F09770 0x00000050 0x08F09760 0x00000070 0x00000000 new         N       N    ??(00000)::??
000350 0x08F097E8 0x00000050 0x08F097D8 0x00000070 0x00000000 new         N       N    ??(00000)::??
000322 0x08F09860 0x00000050 0x08F09850 0x00000070 0x00000000 new         N       N    ??(00000)::??
000351 0x08F098D8 0x00000050 0x08F098C8 0x00000070 0x00000000 new         N       N    ??(00000)::??
000320 0x08F09950 0x00000050 0x08F09940 0x00000070 0x00000000 new         N       N    ??(00000)::??
000332 0x08F099C8 0x00000050 0x08F099B8 0x00000070 0x00000000 new         N       N    ??(00000)::??
000329 0x08F09A40 0x00000050 0x08F09A30 0x00000070 0x00000000 new         N       N    ??(00000)::??
000323 0x08F09AB8 0x00000050 0x08F09AA8 0x00000070 0x00000000 new         N       N    ??(00000)::??
000324 0x08F09B30 0x00000050 0x08F09B20 0x00000070 0x00000000 new         N       N    ??(00000)::??
000325 0x08F09BA8 0x00000050 0x08F09B98 0x00000070 0x00000000 new         N       N    ??(00000)::??
000326 0x08F09C20 0x00000050 0x08F09C10 0x00000070 0x00000000 new         N       N    ??(00000)::??
000328 0x08F09C98 0x00000050 0x08F09C88 0x00000070 0x00000000 new         N       N    ??(00000)::??
000333 0x08F09D10 0x00000050 0x08F09D00 0x00000070 0x00000000 new         N       N    ??(00000)::??
000321 0x08F09D88 0x00000050 0x08F09D78 0x00000070 0x00000000 new         N       N    ??(00000)::??
000327 0x08F09E00 0x00000050 0x08F09DF0 0x00000070 0x00000000 new         N       N    ??(00000)::??
000337 0x08F09E78 0x00000050 0x08F09E68 0x00000070 0x00000000 new         N       N    ??(00000)::??
000339 0x08F09EF0 0x00000050 0x08F09EE0 0x00000070 0x00000000 new         N       N    ??(00000)::??
000340 0x08F09F68 0x00000050 0x08F09F58 0x00000070 0x00000000 new         N       N    ??(00000)::??
000111 0x08EF9FB8 0x00000050 0x08EF9FA8 0x00000070 0x00000000 new         N       N    ??(00000)::??
000336 0x08F09FE0 0x00000050 0x08F09FD0 0x00000070 0x00000000 new         N       N    ??(00000)::??
000116 0x08EFA030 0x00000050 0x08EFA020 0x00000070 0x00000000 new         N       N    ??(00000)::??
000342 0x08F0A058 0x00000050 0x08F0A048 0x00000070 0x00000000 new         N       N    ??(00000)::??
000117 0x08EFA0A8 0x00000050 0x08EFA098 0x00000070 0x00000000 new         N       N    ??(00000)::??
000338 0x08F0A0D0 0x00000050 0x08F0A0C0 0x00000070 0x00000000 new         N       N    ??(00000)::??
000118 0x08EFA120 0x00000050 0x08EFA110 0x00000070 0x00000000 new         N       N    ??(00000)::??
000343 0x08F0A148 0x00000050 0x08F0A138 0x00000070 0x00000000 new         N       N    ??(00000)::??
000119 0x08EFA198 0x00000050 0x08EFA188 0x00000070 0x00000000 new         N       N    ??(00000)::??
000346 0x08F0A1C0 0x00000050 0x08F0A1B0 0x00000070 0x00000000 new         N       N    ??(00000)::??
000120 0x08EFA210 0x00000050 0x08EFA200 0x00000070 0x00000000 new         N       N    ??(00000)::??
000347 0x08F0A238 0x00000050 0x08F0A228 0x00000070 0x00000000 new         N       N    ??(00000)::??
000121 0x08EFA288 0x00000050 0x08EFA278 0x00000070 0x00000000 new         N       N    ??(00000)::??
000335 0x08F0A2B0 0x00000050 0x08F0A2A0 0x00000070 0x00000000 new         N       N    ??(00000)::??
000114 0x08EFA300 0x00000050 0x08EFA2F0 0x00000070 0x00000000 new         N       N    ??(00000)::??
000331 0x08F0A328 0x00000050 0x08F0A318 0x00000070 0x00000000 new         N       N    ??(00000)::??
000099 0x08EFA378 0x00000050 0x08EFA368 0x00000070 0x00000000 new         N       N    ??(00000)::??
000341 0x08F0A3A0 0x00000050 0x08F0A390 0x00000070 0x00000000 new         N       N    ??(00000)::??
000090 0x08EFA3F0 0x00000050 0x08EFA3E0 0x00000070 0x00000000 new         N       N    ??(00000)::??
000348 0x08F0A418 0x00000050 0x08F0A408 0x00000070 0x00000000 new         N       N    ??(00000)::??
000098 0x08EFA468 0x00000050 0x08EFA458 0x00000070 0x00000000 new         N       N    ??(00000)::??
000330 0x08F0A490 0x00000050 0x08F0A480 0x00000070 0x00000000 new         N       N    ??(00000)::??
000091 0x08EFA4E0 0x00000050 0x08EFA4D0 0x00000070 0x00000000 new         N       N    ??(00000)::??
000334 0x08F0A508 0x00000050 0x08F0A4F8 0x00000070 0x00000000 new         N       N    ??(00000)::??
000092 0x08EFA558 0x00000050 0x08EFA548 0x00000070 0x00000000 new         N       N    ??(00000)::??
000344 0x08F0A580 0x00000050 0x08F0A570 0x00000070 0x00000000 new         N       N    ??(00000)::??
000096 0x08EFA5D0 0x00000050 0x08EFA5C0 0x00000070 0x00000000 new         N       N    ??(00000)::??
000353 0x08F0A5F8 0x00000050 0x08F0A5E8 0x00000070 0x00000000 new         N       N    ??(00000)::??
000094 0x08EFA648 0x00000050 0x08EFA638 0x00000070 0x00000000 new         N       N    ??(00000)::??
000354 0x08F0A670 0x00000050 0x08F0A660 0x00000070 0x00000000 new         N       N    ??(00000)::??
000100 0x08EFA6C0 0x00000050 0x08EFA6B0 0x00000070 0x00000000 new         N       N    ??(00000)::??
000352 0x08F0A6E8 0x00000050 0x08F0A6D8 0x00000070 0x00000000 new         N       N    ??(00000)::??
000097 0x08EFA738 0x00000050 0x08EFA728 0x00000070 0x00000000 new         N       N    ??(00000)::??
000102 0x08EFA7B0 0x00000050 0x08EFA7A0 0x00000070 0x00000000 new         N       N    ??(00000)::??
000106 0x08EFA828 0x00000050 0x08EFA818 0x00000070 0x00000000 new         N       N    ??(00000)::??
000093 0x08EFA8A0 0x00000050 0x08EFA890 0x00000070 0x00000000 new         N       N    ??(00000)::??
000110 0x08EFA918 0x00000050 0x08EFA908 0x00000070 0x00000000 new         N       N    ??(00000)::??
000095 0x08EFA990 0x00000050 0x08EFA980 0x00000070 0x00000000 new         N       N    ??(00000)::??
000101 0x08EFAA08 0x00000050 0x08EFA9F8 0x00000070 0x00000000 new         N       N    ??(00000)::??
000104 0x08EFAA80 0x00000050 0x08EFAA70 0x00000070 0x00000000 new         N       N    ??(00000)::??
000112 0x08EFAAF8 0x00000050 0x08EFAAE8 0x00000070 0x00000000 new         N       N    ??(00000)::??
000105 0x08EFAB70 0x00000050 0x08EFAB60 0x00000070 0x00000000 new         N       N    ??(00000)::??
000113 0x08EFABE8 0x00000050 0x08EFABD8 0x00000070 0x00000000 new         N       N    ??(00000)::??
000115 0x08EFAC60 0x00000050 0x08EFAC50 0x00000070 0x00000000 new         N       N    ??(00000)::??
000107 0x08EFACD8 0x00000050 0x08EFACC8 0x00000070 0x00000000 new         N       N    ??(00000)::??
000108 0x08EFAD50 0x00000050 0x08EFAD40 0x00000070 0x00000000 new         N       N    ??(00000)::??
000103 0x08EFADC8 0x00000050 0x08EFADB8 0x00000070 0x00000000 new         N       N    ??(00000)::??
000109 0x08EFAE40 0x00000050 0x08EFAE30 0x00000070 0x00000000 new         N       N    ??(00000)::??
000122 0x08EFAEB8 0x00000050 0x08EFAEA8 0x00000070 0x00000000 new         N       N    ??(00000)::??
000124 0x08EFAFC0 0x00000050 0x08EFAFB0 0x00000070 0x00000000 new         N       N    ??(00000)::??
000130 0x08EFB038 0x00000050 0x08EFB028 0x00000070 0x00000000 new         N       N    ??(00000)::??
000133 0x08EFB0B0 0x00000050 0x08EFB0A0 0x00000070 0x00000000 new         N       N    ??(00000)::??
000128 0x08EFB128 0x00000050 0x08EFB118 0x00000070 0x00000000 new         N       N    ??(00000)::??
000140 0x08EFB1A0 0x00000050 0x08EFB190 0x00000070 0x00000000 new         N       N    ??(00000)::??
000144 0x08EFB218 0x00000050 0x08EFB208 0x00000070 0x00000000 new         N       N    ??(00000)::??
000151 0x08EFB290 0x00000050 0x08EFB280 0x00000070 0x00000000 new         N       N    ??(00000)::??
000153 0x08EFB308 0x00000050 0x08EFB2F8 0x00000070 0x00000000 new         N       N    ??(00000)::??
000131 0x08EFB380 0x00000050 0x08EFB370 0x00000070 0x00000000 new         N       N    ??(00000)::??
000136 0x08EFB3F8 0x00000050 0x08EFB3E8 0x00000070 0x00000000 new         N       N    ??(00000)::??
000138 0x08EFB470 0x00000050 0x08EFB460 0x00000070 0x00000000 new         N       N    ??(00000)::??
000154 0x08EFB4E8 0x00000050 0x08EFB4D8 0x00000070 0x00000000 new         N       N    ??(00000)::??
000132 0x08EFB560 0x00000050 0x08EFB550 0x00000070 0x00000000 new         N       N    ??(00000)::??
000152 0x08EFB5D8 0x00000050 0x08EFB5C8 0x00000070 0x00000000 new         N       N    ??(00000)::??
000145 0x08EFB650 0x00000050 0x08EFB640 0x00000070 0x00000000 new         N       N    ??(00000)::??
000147 0x08EFB6C8 0x00000050 0x08EFB6B8 0x00000070 0x00000000 new         N       N    ??(00000)::??
000135 0x08EFB740 0x00000050 0x08EFB730 0x00000070 0x00000000 new         N       N    ??(00000)::??
000129 0x08EFB7B8 0x00000050 0x08EFB7A8 0x00000070 0x00000000 new         N       N    ??(00000)::??
000127 0x08EFB830 0x00000050 0x08EFB820 0x00000070 0x00000000 new         N       N    ??(00000)::??
000150 0x08EFB8A8 0x00000050 0x08EFB898 0x00000070 0x00000000 new         N       N    ??(00000)::??
000139 0x08EFB920 0x00000050 0x08EFB910 0x00000070 0x00000000 new         N       N    ??(00000)::??
000125 0x08EFB998 0x00000050 0x08EFB988 0x00000070 0x00000000 new         N       N    ??(00000)::??
000146 0x08EFBA10 0x00000050 0x08EFBA00 0x00000070 0x00000000 new         N       N    ??(00000)::??
000141 0x08EFBA88 0x00000050 0x08EFBA78 0x00000070 0x00000000 new         N       N    ??(00000)::??
000148 0x08EFBB00 0x00000050 0x08EFBAF0 0x00000070 0x00000000 new         N       N    ??(00000)::??
000149 0x08EFBB78 0x00000050 0x08EFBB68 0x00000070 0x00000000 new         N       N    ??(00000)::??
000126 0x08EFBBF0 0x00000050 0x08EFBBE0 0x00000070 0x00000000 new         N       N    ??(00000)::??
000142 0x08EFBC68 0x00000050 0x08EFBC58 0x00000070 0x00000000 new         N       N    ??(00000)::??
000134 0x08EFBCE0 0x00000050 0x08EFBCD0 0x00000070 0x00000000 new         N       N    ??(00000)::??
000143 0x08EFBD58 0x00000050 0x08EFBD48 0x00000070 0x00000000 new         N       N    ??(00000)::??
000123 0x08EFBDD0 0x00000050 0x08EFBDC0 0x00000070 0x00000000 new         N       N    ??(00000)::??
000137 0x08EFBE48 0x00000050 0x08EFBE38 0x00000070 0x00000000 new         N       N    ??(00000)::??
000155 0x08EFBEC0 0x00000050 0x08EFBEB0 0x00000070 0x00000000 new         N       N    ??(00000)::??
000170 0x08EFBFC8 0x00000050 0x08EFBFB8 0x00000070 0x00000000 new         N       N    ??(00000)::??
000159 0x08EFC040 0x00000050 0x08EFC030 0x00000070 0x00000000 new         N       N    ??(00000)::??
000175 0x08EFC0B8 0x00000050 0x08EFC0A8 0x00000070 0x00000000 new         N       N    ??(00000)::??
000173 0x08EFC130 0x00000050 0x08EFC120 0x00000070 0x00000000 new         N       N    ??(00000)::??
000176 0x08EFC1A8 0x00000050 0x08EFC198 0x00000070 0x00000000 new         N       N    ??(00000)::??
000160 0x08EFC220 0x00000050 0x08EFC210 0x00000070 0x00000000 new         N       N    ??(00000)::??
000166 0x08EFC298 0x00000050 0x08EFC288 0x00000070 0x00000000 new         N       N    ??(00000)::??
000177 0x08EFC310 0x00000050 0x08EFC300 0x00000070 0x00000000 new         N       N    ??(00000)::??
000178 0x08EFC388 0x00000050 0x08EFC378 0x00000070 0x00000000 new         N       N    ??(00000)::??
000164 0x08EFC400 0x00000050 0x08EFC3F0 0x00000070 0x00000000 new         N       N    ??(00000)::??
000181 0x08EFC478 0x00000050 0x08EFC468 0x00000070 0x00000000 new         N       N    ??(00000)::??
000182 0x08EFC4F0 0x00000050 0x08EFC4E0 0x00000070 0x00000000 new         N       N    ??(00000)::??
000179 0x08EFC568 0x00000050 0x08EFC558 0x00000070 0x00000000 new         N       N    ??(00000)::??
000165 0x08EFC5E0 0x00000050 0x08EFC5D0 0x00000070 0x00000000 new         N       N    ??(00000)::??
000180 0x08EFC658 0x00000050 0x08EFC648 0x00000070 0x00000000 new         N       N    ??(00000)::??
000183 0x08EFC6D0 0x00000050 0x08EFC6C0 0x00000070 0x00000000 new         N       N    ??(00000)::??
000184 0x08EFC748 0x00000050 0x08EFC738 0x00000070 0x00000000 new         N       N    ??(00000)::??
000185 0x08EFC7C0 0x00000050 0x08EFC7B0 0x00000070 0x00000000 new         N       N    ??(00000)::??
000186 0x08EFC838 0x00000050 0x08EFC828 0x00000070 0x00000000 new         N       N    ??(00000)::??
000172 0x08EFC8B0 0x00000050 0x08EFC8A0 0x00000070 0x00000000 new         N       N    ??(00000)::??
000187 0x08EFC928 0x00000050 0x08EFC918 0x00000070 0x00000000 new         N       N    ??(00000)::??
000158 0x08EFC9A0 0x00000050 0x08EFC990 0x00000070 0x00000000 new         N       N    ??(00000)::??
000169 0x08EFCA18 0x00000050 0x08EFCA08 0x00000070 0x00000000 new         N       N    ??(00000)::??
000174 0x08EFCA90 0x00000050 0x08EFCA80 0x00000070 0x00000000 new         N       N    ??(00000)::??
000161 0x08EFCB08 0x00000050 0x08EFCAF8 0x00000070 0x00000000 new         N       N    ??(00000)::??
000156 0x08EFCB80 0x00000050 0x08EFCB70 0x00000070 0x00000000 new         N       N    ??(00000)::??
000157 0x08EFCBF8 0x00000050 0x08EFCBE8 0x00000070 0x00000000 new         N       N    ??(00000)::??
000162 0x08EFCC70 0x00000050 0x08EFCC60 0x00000070 0x00000000 new         N       N    ??(00000)::??
000163 0x08EFCCE8 0x00000050 0x08EFCCD8 0x00000070 0x00000000 new         N       N    ??(00000)::??
000167 0x08EFCD60 0x00000050 0x08EFCD50 0x00000070 0x00000000 new         N       N    ??(00000)::??
000168 0x08EFCDD8 0x00000050 0x08EFCDC8 0x00000070 0x00000000 new         N       N    ??(00000)::??
000171 0x08EFCE50 0x00000050 0x08EFCE40 0x00000070 0x00000000 new         N       N    ??(00000)::??
000188 0x08EFCEC8 0x00000050 0x08EFCEB8 0x00000070 0x00000000 new         N       N    ??(00000)::??
000208 0x08EFCFD0 0x00000050 0x08EFCFC0 0x00000070 0x00000000 new         N       N    ??(00000)::??
000205 0x08EFD048 0x00000050 0x08EFD038 0x00000070 0x00000000 new         N       N    ??(00000)::??
000212 0x08EFD0C0 0x00000050 0x08EFD0B0 0x00000070 0x00000000 new         N       N    ??(00000)::??
000196 0x08EFD138 0x00000050 0x08EFD128 0x00000070 0x00000000 new         N       N    ??(00000)::??
000214 0x08EFD1B0 0x00000050 0x08EFD1A0 0x00000070 0x00000000 new         N       N    ??(00000)::??
000192 0x08EFD228 0x00000050 0x08EFD218 0x00000070 0x00000000 new         N       N    ??(00000)::??
000193 0x08EFD2A0 0x00000050 0x08EFD290 0x00000070 0x00000000 new         N       N    ??(00000)::??
000217 0x08EFD318 0x00000050 0x08EFD308 0x00000070 0x00000000 new         N       N    ??(00000)::??
000218 0x08EFD390 0x00000050 0x08EFD380 0x00000070 0x00000000 new         N       N    ??(00000)::??
000219 0x08EFD408 0x00000050 0x08EFD3F8 0x00000070 0x00000000 new         N       N    ??(00000)::??
000194 0x08EFD480 0x00000050 0x08EFD470 0x00000070 0x00000000 new         N       N    ??(00000)::??
000204 0x08EFD4F8 0x00000050 0x08EFD4E8 0x00000070 0x00000000 new         N       N    ??(00000)::??
000220 0x08EFD570 0x00000050 0x08EFD560 0x00000070 0x00000000 new         N       N    ??(00000)::??
000190 0x08EFD5E8 0x00000050 0x08EFD5D8 0x00000070 0x00000000 new         N       N    ??(00000)::??
000209 0x08EFD660 0x00000050 0x08EFD650 0x00000070 0x00000000 new         N       N    ??(00000)::??
000199 0x08EFD6D8 0x00000050 0x08EFD6C8 0x00000070 0x00000000 new         N       N    ??(00000)::??
000200 0x08EFD750 0x00000050 0x08EFD740 0x00000070 0x00000000 new         N       N    ??(00000)::??
000203 0x08EFD7C8 0x00000050 0x08EFD7B8 0x00000070 0x00000000 new         N       N    ??(00000)::??
000207 0x08EFD840 0x00000050 0x08EFD830 0x00000070 0x00000000 new         N       N    ??(00000)::??
000198 0x08EFD8B8 0x00000050 0x08EFD8A8 0x00000070 0x00000000 new         N       N    ??(00000)::??
000202 0x08EFD930 0x00000050 0x08EFD920 0x00000070 0x00000000 new         N       N    ??(00000)::??
000201 0x08EFD9A8 0x00000050 0x08EFD998 0x00000070 0x00000000 new         N       N    ??(00000)::??
000211 0x08EFDA20 0x00000050 0x08EFDA10 0x00000070 0x00000000 new         N       N    ??(00000)::??
000213 0x08EFDA98 0x00000050 0x08EFDA88 0x00000070 0x00000000 new         N       N    ??(00000)::??
000215 0x08EFDB10 0x00000050 0x08EFDB00 0x00000070 0x00000000 new         N       N    ??(00000)::??
000197 0x08EFDB88 0x00000050 0x08EFDB78 0x00000070 0x00000000 new         N       N    ??(00000)::??
000191 0x08EFDC00 0x00000050 0x08EFDBF0 0x00000070 0x00000000 new         N       N    ??(00000)::??
000206 0x08EFDC78 0x00000050 0x08EFDC68 0x00000070 0x00000000 new         N       N    ??(00000)::??
000216 0x08EFDCF0 0x00000050 0x08EFDCE0 0x00000070 0x00000000 new         N       N    ??(00000)::??
000189 0x08EFDD68 0x00000050 0x08EFDD58 0x00000070 0x00000000 new         N       N    ??(00000)::??
000195 0x08EFDDE0 0x00000050 0x08EFDDD0 0x00000070 0x00000000 new         N       N    ??(00000)::??
000210 0x08EFDE58 0x00000050 0x08EFDE48 0x00000070 0x00000000 new         N       N    ??(00000)::??
000221 0x08EFDED0 0x00000050 0x08EFDEC0 0x00000070 0x00000000 new         N       N    ??(00000)::??
000237 0x08EFDFD8 0x00000050 0x08EFDFC8 0x00000070 0x00000000 new         N       N    ??(00000)::??
000253 0x08EFE050 0x00000050 0x08EFE040 0x00000070 0x00000000 new         N       N    ??(00000)::??
000232 0x08EFE0C8 0x00000050 0x08EFE0B8 0x00000070 0x00000000 new         N       N    ??(00000)::??
000226 0x08EFE140 0x00000050 0x08EFE130 0x00000070 0x00000000 new         N       N    ??(00000)::??
000227 0x08EFE1B8 0x00000050 0x08EFE1A8 0x00000070 0x00000000 new         N       N    ??(00000)::??
000239 0x08EFE230 0x00000050 0x08EFE220 0x00000070 0x00000000 new         N       N    ??(00000)::??
000230 0x08EFE2A8 0x00000050 0x08EFE298 0x00000070 0x00000000 new         N       N    ??(00000)::??
000244 0x08EFE320 0x00000050 0x08EFE310 0x00000070 0x00000000 new         N       N    ??(00000)::??
000233 0x08EFE398 0x00000050 0x08EFE388 0x00000070 0x00000000 new         N       N    ??(00000)::??
000234 0x08EFE410 0x00000050 0x08EFE400 0x00000070 0x00000000 new         N       N    ??(00000)::??
000245 0x08EFE488 0x00000050 0x08EFE478 0x00000070 0x00000000 new         N       N    ??(00000)::??
000250 0x08EFE500 0x00000050 0x08EFE4F0 0x00000070 0x00000000 new         N       N    ??(00000)::??
000251 0x08EFE578 0x00000050 0x08EFE568 0x00000070 0x00000000 new         N       N    ??(00000)::??
000231 0x08EFE5F0 0x00000050 0x08EFE5E0 0x00000070 0x00000000 new         N       N    ??(00000)::??
000246 0x08EFE668 0x00000050 0x08EFE658 0x00000070 0x00000000 new         N       N    ??(00000)::??
000236 0x08EFE6E0 0x00000050 0x08EFE6D0 0x00000070 0x00000000 new         N       N    ??(00000)::??
000224 0x08EFE758 0x00000050 0x08EFE748 0x00000070 0x00000000 new         N       N    ??(00000)::??
000242 0x08EFE7D0 0x00000050 0x08EFE7C0 0x00000070 0x00000000 new         N       N    ??(00000)::??
000249 0x08EFE848 0x00000050 0x08EFE838 0x00000070 0x00000000 new         N       N    ??(00000)::??
000248 0x08EFE8C0 0x00000050 0x08EFE8B0 0x00000070 0x00000000 new         N       N    ??(00000)::??
000228 0x08EFE938 0x00000050 0x08EFE928 0x00000070 0x00000000 new         N       N    ??(00000)::??
000225 0x08EFE9B0 0x00000050 0x08EFE9A0 0x00000070 0x00000000 new         N       N    ??(00000)::??
000247 0x08EFEA28 0x00000050 0x08EFEA18 0x00000070 0x00000000 new         N       N    ??(00000)::??
000235 0x08EFEAA0 0x00000050 0x08EFEA90 0x00000070 0x00000000 new         N       N    ??(00000)::??
000238 0x08EFEB18 0x00000050 0x08EFEB08 0x00000070 0x00000000 new         N       N    ??(00000)::??
000222 0x08EFEB90 0x00000050 0x08EFEB80 0x00000070 0x00000000 new         N       N    ??(00000)::??
000223 0x08EFEC08 0x00000050 0x08EFEBF8 0x00000070 0x00000000 new         N       N    ??(00000)::??
000229 0x08EFEC80 0x00000050 0x08EFEC70 0x00000070 0x00000000 new         N       N    ??(00000)::??
000240 0x08EFECF8 0x00000050 0x08EFECE8 0x00000070 0x00000000 new         N       N    ??(00000)::??
000241 0x08EFED70 0x00000050 0x08EFED60 0x00000070 0x00000000 new         N       N    ??(00000)::??
000252 0x08EFEDE8 0x00000050 0x08EFEDD8 0x00000070 0x00000000 new         N       N    ??(00000)::??
000243 0x08EFEE60 0x00000050 0x08EFEE50 0x00000070 0x00000000 new         N       N    ??(00000)::??
000254 0x08EFEED8 0x00000050 0x08EFEEC8 0x00000070 0x00000000 new         N       N    ??(00000)::??
000277 0x08EFEFE0 0x00000050 0x08EFEFD0 0x00000070 0x00000000 new         N       N    ??(00000)::??
000264 0x08EFF058 0x00000050 0x08EFF048 0x00000070 0x00000000 new         N       N    ??(00000)::??
000258 0x08EFF0D0 0x00000050 0x08EFF0C0 0x00000070 0x00000000 new         N       N    ??(00000)::??
000283 0x08EFF148 0x00000050 0x08EFF138 0x00000070 0x00000000 new         N       N    ??(00000)::??
000281 0x08EFF1C0 0x00000050 0x08EFF1B0 0x00000070 0x00000000 new         N       N    ??(00000)::??
000284 0x08EFF238 0x00000050 0x08EFF228 0x00000070 0x00000000 new         N       N    ??(00000)::??
000285 0x08EFF2B0 0x00000050 0x08EFF2A0 0x00000070 0x00000000 new         N       N    ??(00000)::??
000260 0x08EFF328 0x00000050 0x08EFF318 0x00000070 0x00000000 new         N       N    ??(00000)::??
000278 0x08EFF3A0 0x00000050 0x08EFF390 0x00000070 0x00000000 new         N       N    ??(00000)::??
000286 0x08EFF418 0x00000050 0x08EFF408 0x00000070 0x00000000 new         N       N    ??(00000)::??
000275 0x08EFF490 0x00000050 0x08EFF480 0x00000070 0x00000000 new         N       N    ??(00000)::??
000271 0x08EFF508 0x00000050 0x08EFF4F8 0x00000070 0x00000000 new         N       N    ??(00000)::??
000270 0x08EFF580 0x00000050 0x08EFF570 0x00000070 0x00000000 new         N       N    ??(00000)::??
000255 0x08EFF5F8 0x00000050 0x08EFF5E8 0x00000070 0x00000000 new         N       N    ??(00000)::??
000256 0x08EFF670 0x00000050 0x08EFF660 0x00000070 0x00000000 new         N       N    ??(00000)::??
000259 0x08EFF6E8 0x00000050 0x08EFF6D8 0x00000070 0x00000000 new         N       N    ??(00000)::??
000261 0x08EFF760 0x00000050 0x08EFF750 0x00000070 0x00000000 new         N       N    ??(00000)::??
000269 0x08EFF7D8 0x00000050 0x08EFF7C8 0x00000070 0x00000000 new         N       N    ??(00000)::??
000265 0x08EFF850 0x00000050 0x08EFF840 0x00000070 0x00000000 new         N       N    ??(00000)::??
000267 0x08EFF8C8 0x00000050 0x08EFF8B8 0x00000070 0x00000000 new         N       N    ??(00000)::??
000272 0x08EFF940 0x00000050 0x08EFF930 0x00000070 0x00000000 new         N       N    ??(00000)::??
000274 0x08EFF9B8 0x00000050 0x08EFF9A8 0x00000070 0x00000000 new         N       N    ??(00000)::??
000262 0x08EFFA30 0x00000050 0x08EFFA20 0x00000070 0x00000000 new         N       N    ??(00000)::??
000273 0x08EFFAA8 0x00000050 0x08EFFA98 0x00000070 0x00000000 new         N       N    ??(00000)::??
000276 0x08EFFB20 0x00000050 0x08EFFB10 0x00000070 0x00000000 new         N       N    ??(00000)::??
000266 0x08EFFB98 0x00000050 0x08EFFB88 0x00000070 0x00000000 new         N       N    ??(00000)::??
000257 0x08EFFC10 0x00000050 0x08EFFC00 0x00000070 0x00000000 new         N       N    ??(00000)::??
000279 0x08EFFC88 0x00000050 0x08EFFC78 0x00000070 0x00000000 new         N       N    ??(00000)::??
000263 0x08EFFD00 0x00000050 0x08EFFCF0 0x00000070 0x00000000 new         N       N    ??(00000)::??
000708 0x08F1FD30 0x00000050 0x08F1FD20 0x00000070 0x00000000 new         N       N    ??(00000)::??
000280 0x08EFFD78 0x00000050 0x08EFFD68 0x00000070 0x00000000 new         N       N    ??(00000)::??
000282 0x08EFFDF0 0x00000050 0x08EFFDE0 0x00000070 0x00000000 new         N       N    ??(00000)::??
000692 0x08F1FE20 0x00000050 0x08F1FE10 0x00000070 0x00000000 new         N       N    ??(00000)::??
000268 0x08EFFE68 0x00000050 0x08EFFE58 0x00000070 0x00000000 new         N       N    ??(00000)::??
000705 0x08F1FE98 0x00000050 0x08F1FE88 0x00000070 0x00000000 new         N       N    ??(00000)::??
000287 0x08EFFEE0 0x00000050 0x08EFFED0 0x00000070 0x00000000 new         N       N    ??(00000)::??
000706 0x08F1FF10 0x00000050 0x08F1FF00 0x00000070 0x00000000 new         N       N    ??(00000)::??
